[0m[[0m[0mdebug[0m] [0m[0m> Exec(run, Some(8b6892f1-c0ce-4d0d-b632-e93bddd9651c), Some(CommandSource(console0)))[0m
[0m[[0m[0mdebug[0m] [0m[0mEvaluating tasks: Compile / run[0m
[0m[[0m[0mdebug[0m] [0m[0mRunning task... Cancel: Signal, check cycles: false, forcegc: true[0m
[0m[[0m[31merror[0m] [0m[0morg.apache.spark.sql.AnalysisException: path file:/C:/Users/Family/Desktop/Revature - Big Data/211213-Big-Data-Reston/week 7/Project1Ex/results/top10DeathRates already exists.;[0m
[0m[[0m[31merror[0m] [0m[0m	at org.apache.spark.sql.execution.datasources.InsertIntoHadoopFsRelationCommand.run(InsertIntoHadoopFsRelationCommand.scala:109)[0m
[0m[[0m[31merror[0m] [0m[0m	at org.apache.spark.sql.execution.command.DataWritingCommandExec.sideEffectResult$lzycompute(commands.scala:104)[0m
[0m[[0m[31merror[0m] [0m[0m	at org.apache.spark.sql.execution.command.DataWritingCommandExec.sideEffectResult(commands.scala:102)[0m
[0m[[0m[31merror[0m] [0m[0m	at org.apache.spark.sql.execution.command.DataWritingCommandExec.doExecute(commands.scala:122)[0m
[0m[[0m[31merror[0m] [0m[0m	at org.apache.spark.sql.execution.SparkPlan$$anonfun$execute$1.apply(SparkPlan.scala:131)[0m
[0m[[0m[31merror[0m] [0m[0m	at org.apache.spark.sql.execution.SparkPlan$$anonfun$execute$1.apply(SparkPlan.scala:127)[0m
[0m[[0m[31merror[0m] [0m[0m	at org.apache.spark.sql.execution.SparkPlan$$anonfun$executeQuery$1.apply(SparkPlan.scala:155)[0m
[0m[[0m[31merror[0m] [0m[0m	at org.apache.spark.rdd.RDDOperationScope$.withScope(RDDOperationScope.scala:151)[0m
[0m[[0m[31merror[0m] [0m[0m	at org.apache.spark.sql.execution.SparkPlan.executeQuery(SparkPlan.scala:152)[0m
[0m[[0m[31merror[0m] [0m[0m	at org.apache.spark.sql.execution.SparkPlan.execute(SparkPlan.scala:127)[0m
[0m[[0m[31merror[0m] [0m[0m	at org.apache.spark.sql.execution.QueryExecution.toRdd$lzycompute(QueryExecution.scala:80)[0m
[0m[[0m[31merror[0m] [0m[0m	at org.apache.spark.sql.execution.QueryExecution.toRdd(QueryExecution.scala:80)[0m
[0m[[0m[31merror[0m] [0m[0m	at org.apache.spark.sql.DataFrameWriter$$anonfun$runCommand$1.apply(DataFrameWriter.scala:656)[0m
[0m[[0m[31merror[0m] [0m[0m	at org.apache.spark.sql.DataFrameWriter$$anonfun$runCommand$1.apply(DataFrameWriter.scala:656)[0m
[0m[[0m[31merror[0m] [0m[0m	at org.apache.spark.sql.execution.SQLExecution$.withNewExecutionId(SQLExecution.scala:77)[0m
[0m[[0m[31merror[0m] [0m[0m	at org.apache.spark.sql.DataFrameWriter.runCommand(DataFrameWriter.scala:656)[0m
[0m[[0m[31merror[0m] [0m[0m	at org.apache.spark.sql.DataFrameWriter.saveToV1Source(DataFrameWriter.scala:273)[0m
[0m[[0m[31merror[0m] [0m[0m	at org.apache.spark.sql.DataFrameWriter.save(DataFrameWriter.scala:267)[0m
[0m[[0m[31merror[0m] [0m[0m	at org.apache.spark.sql.DataFrameWriter.save(DataFrameWriter.scala:225)[0m
[0m[[0m[31merror[0m] [0m[0m	at org.apache.spark.sql.DataFrameWriter.csv(DataFrameWriter.scala:644)[0m
[0m[[0m[31merror[0m] [0m[0m	at Project1Ex$.top10DeathRates(Project1.scala:121)[0m
[0m[[0m[31merror[0m] [0m[0m	at Project1Ex$.main(Project1.scala:52)[0m
[0m[[0m[31merror[0m] [0m[0m	at Project1Ex.main(Project1.scala)[0m
[0m[[0m[31merror[0m] [0m[0m	at sun.reflect.NativeMethodAccessorImpl.invoke0(Native Method)[0m
[0m[[0m[31merror[0m] [0m[0m	at sun.reflect.NativeMethodAccessorImpl.invoke(Unknown Source)[0m
[0m[[0m[31merror[0m] [0m[0m	at sun.reflect.DelegatingMethodAccessorImpl.invoke(Unknown Source)[0m
[0m[[0m[31merror[0m] [0m[0m	at java.lang.reflect.Method.invoke(Unknown Source)[0m
[0m[[0m[31merror[0m] [0m[0m	at sbt.Run.invokeMain(Run.scala:143)[0m
[0m[[0m[31merror[0m] [0m[0m	at sbt.Run.execute$1(Run.scala:93)[0m
[0m[[0m[31merror[0m] [0m[0m	at sbt.Run.$anonfun$runWithLoader$5(Run.scala:120)[0m
[0m[[0m[31merror[0m] [0m[0m	at sbt.Run$.executeSuccess(Run.scala:186)[0m
[0m[[0m[31merror[0m] [0m[0m	at sbt.Run.runWithLoader(Run.scala:120)[0m
[0m[[0m[31merror[0m] [0m[0m	at sbt.Defaults$.$anonfun$bgRunTask$6(Defaults.scala:1983)[0m
[0m[[0m[31merror[0m] [0m[0m	at sbt.Defaults$.$anonfun$termWrapper$2(Defaults.scala:1922)[0m
[0m[[0m[31merror[0m] [0m[0m	at scala.runtime.java8.JFunction0$mcV$sp.apply(JFunction0$mcV$sp.java:23)[0m
[0m[[0m[31merror[0m] [0m[0m	at scala.util.Try$.apply(Try.scala:213)[0m
[0m[[0m[31merror[0m] [0m[0m	at sbt.internal.BackgroundThreadPool$BackgroundRunnable.run(DefaultBackgroundJobService.scala:369)[0m
[0m[[0m[31merror[0m] [0m[0m	at java.util.concurrent.ThreadPoolExecutor.runWorker(Unknown Source)[0m
[0m[[0m[31merror[0m] [0m[0m	at java.util.concurrent.ThreadPoolExecutor$Worker.run(Unknown Source)[0m
[0m[[0m[31merror[0m] [0m[0m	at java.lang.Thread.run(Unknown Source)[0m
[0m[[0m[31merror[0m] [0m[0m(Compile / [31mrun[0m) org.apache.spark.sql.AnalysisException: path file:/C:/Users/Family/Desktop/Revature - Big Data/211213-Big-Data-Reston/week 7/Project1Ex/results/top10DeathRates already exists.;[0m
[0m[[0m[31merror[0m] [0m[0mTotal time: 25 s, completed Jan 26, 2022 3:08:33 PM[0m
[0m[[0m[0mdebug[0m] [0m[0m> Exec(shell, None, None)[0m
[0m[[0m[0mdebug[0m] [0m[0mForcing garbage collection...[0m
